<?xml version="1.0" encoding="UTF-8"?>
<testsuite xmlns:xsi="http://www.w3.org/2001/XMLSchema-instance" xsi:noNamespaceSchemaLocation="https://maven.apache.org/surefire/maven-surefire-plugin/xsd/surefire-test-report.xsd" name="com.app.weatherapi.service.WeatherServiceTest" time="0.185" tests="4" errors="0" skipped="0" failures="0">
  <properties>
[...]
</properties>
  <testcase name="testNotFoundException" classname="com.app.weatherapi.service.WeatherServiceTest" time="0.047"/>
  <testcase name="testOk" classname="com.app.weatherapi.service.WeatherServiceTest" time="0.022"/>
  <testcase name="buildResponse" classname="com.app.weatherapi.service.WeatherServiceTest" time="0.031"/>
  <testcase name="testFailInternalServerError" classname="com.app.weatherapi.service.WeatherServiceTest" time="0.031"/>
</testsuite>